<?xml version="1.0" encoding="UTF-8"?>
<!-- Generated by org.testng.reporters.JUnitReportReporter -->
<testsuite skipped="0" hostname="Saurabhs-MacBook-Pro.local" name="maventest.mactest.AppTest" tests="1" failures="0" timestamp="07 Sep 2017 06:03:46 GMT" time="2.822" errors="0">
  <testcase name="Run" time="2.822" classname="maventest.mactest.AppTest"/>
</testsuite> <!-- maventest.mactest.AppTest -->
